
2023/05/12 (23:29:19) | ===> btop++ v.1.2.13
2023/05/12 (23:29:19) | ERROR: Invalid hex value: 40a02b
theme[temp_mid]=
2023/05/12 (23:29:20) | ERROR: Invalid hex value: 89dceb

# Process box color gradient for threads, mem and cpu usage (Sapphire -> Mauve)
theme[process_start]=
2023/05/12 (23:29:21) | ERROR: Invalid hex value: 89dceb

# Process box color gradient for threads, mem and cpu usage (Sapphire -> Mauve)
theme[process_start]=

2023/05/14 (18:11:59) | ===> btop++ v.1.2.13
2023/05/14 (18:11:59) | ERROR: Invalid hex value: 89dceb

# Process box color gradient for threads, mem and cpu usage (Sapphire -> Mauve)
theme[process_start]=

2023/05/17 (16:18:38) | ===> btop++ v.1.2.13
2023/05/17 (16:18:38) | ERROR: Invalid hex value: 89dceb

# Process box color gradient for threads, mem and cpu usage (Sapphire -> Mauve)
theme[process_start]=

2023/05/17 (16:24:22) | ===> btop++ v.1.2.13
2023/05/17 (16:24:22) | ERROR: Invalid hex value: 89dceb

# Process box color gradient for threads, mem and cpu usage (Sapphire -> Mauve)
theme[process_start]=

2023/05/20 (07:22:50) | ===> btop++ v.1.2.13
2023/05/20 (07:22:50) | ERROR: Invalid hex value: 89dceb

# Process box color gradient for threads, mem and cpu usage (Sapphire -> Mauve)
theme[process_start]=

2023/05/20 (07:47:17) | ===> btop++ v.1.2.13
2023/05/20 (07:47:17) | ERROR: Invalid hex value: 89dceb

# Process box color gradient for threads, mem and cpu usage (Sapphire -> Mauve)
theme[process_start]=

2023/05/20 (13:35:26) | ===> btop++ v.1.2.13
2023/05/20 (13:35:26) | ERROR: Invalid hex value: 89dceb

# Process box color gradient for threads, mem and cpu usage (Sapphire -> Mauve)
theme[process_start]=

2023/05/20 (18:27:03) | ===> btop++ v.1.2.13
2023/05/20 (18:27:03) | ERROR: Invalid hex value: 89dceb

# Process box color gradient for threads, mem and cpu usage (Sapphire -> Mauve)
theme[process_start]=

2023/05/23 (08:38:18) | ===> btop++ v.1.2.13
2023/05/23 (08:38:18) | ERROR: No tty detected!
btop++ needs an interactive shell to run.

2023/05/24 (20:48:54) | ===> btop++ v.1.2.13
2023/05/24 (20:48:54) | ERROR: Invalid hex value: 89dceb

# Process box color gradient for threads, mem and cpu usage (Sapphire -> Mauve)
theme[process_start]=

2023/05/24 (21:00:18) | ===> btop++ v.1.2.13
2023/05/24 (21:00:18) | ERROR: Invalid hex value: 89dceb

# Process box color gradient for threads, mem and cpu usage (Sapphire -> Mauve)
theme[process_start]=

2023/05/25 (10:32:38) | ===> btop++ v.1.2.13
2023/05/25 (10:32:38) | ERROR: Invalid hex value: 89dceb

# Process box color gradient for threads, mem and cpu usage (Sapphire -> Mauve)
theme[process_start]=

2023/05/25 (10:34:49) | ===> btop++ v.1.2.13
2023/05/25 (10:34:49) | ERROR: Invalid hex value: 89dceb

# Process box color gradient for threads, mem and cpu usage (Sapphire -> Mauve)
theme[process_start]=

2023/05/25 (10:36:02) | ===> btop++ v.1.2.13
2023/05/25 (10:36:02) | ERROR: Invalid hex value: 89dceb

# Process box color gradient for threads, mem and cpu usage (Sapphire -> Mauve)
theme[process_start]=

2023/05/25 (15:31:31) | ===> btop++ v.1.2.13
2023/05/25 (15:31:31) | ERROR: Invalid hex value: 89dceb

# Process box color gradient for threads, mem and cpu usage (Sapphire -> Mauve)
theme[process_start]=

2023/05/25 (15:43:30) | ===> btop++ v.1.2.13
2023/05/25 (15:43:30) | ERROR: Invalid hex value: 89dceb

# Process box color gradient for threads, mem and cpu usage (Sapphire -> Mauve)
theme[process_start]=

2023/05/25 (18:12:28) | ===> btop++ v.1.2.13
2023/05/25 (18:12:28) | ERROR: Invalid hex value: 89dceb

# Process box color gradient for threads, mem and cpu usage (Sapphire -> Mauve)
theme[process_start]=

2023/05/26 (21:32:35) | ===> btop++ v.1.2.13
2023/05/26 (21:32:35) | ERROR: Invalid hex value: 89dceb

# Process box color gradient for threads, mem and cpu usage (Sapphire -> Mauve)
theme[process_start]=

2023/05/27 (19:32:00) | ===> btop++ v.1.2.13
2023/05/27 (19:32:00) | ERROR: Invalid hex value: 89dceb

# Process box color gradient for threads, mem and cpu usage (Sapphire -> Mauve)
theme[process_start]=

2023/05/28 (16:47:48) | ===> btop++ v.1.2.13
2023/05/28 (16:47:48) | ERROR: Invalid hex value: 89dceb

# Process box color gradient for threads, mem and cpu usage (Sapphire -> Mauve)
theme[process_start]=

2023/05/28 (18:05:08) | ===> btop++ v.1.2.13
2023/05/28 (18:05:08) | ERROR: Invalid hex value: 89dceb

# Process box color gradient for threads, mem and cpu usage (Sapphire -> Mauve)
theme[process_start]=

2023/05/28 (18:16:50) | ===> btop++ v.1.2.13
2023/05/28 (18:16:50) | ERROR: Invalid hex value: 89dceb

# Process box color gradient for threads, mem and cpu usage (Sapphire -> Mauve)
theme[process_start]=

2023/05/29 (09:49:19) | ===> btop++ v.1.2.13
2023/05/29 (09:49:19) | ERROR: Invalid hex value: 89dceb

# Process box color gradient for threads, mem and cpu usage (Sapphire -> Mauve)
theme[process_start]=

2023/05/29 (09:50:17) | ===> btop++ v.1.2.13
2023/05/29 (09:50:17) | ERROR: Invalid hex value: 89dceb

# Process box color gradient for threads, mem and cpu usage (Sapphire -> Mauve)
theme[process_start]=

2023/05/29 (09:57:53) | ===> btop++ v.1.2.13
2023/05/29 (09:57:53) | ERROR: Invalid hex value: 89dceb

# Process box color gradient for threads, mem and cpu usage (Sapphire -> Mauve)
theme[process_start]=

2023/05/29 (09:59:56) | ===> btop++ v.1.2.13
2023/05/29 (09:59:56) | ERROR: Invalid hex value: 89dceb

# Process box color gradient for threads, mem and cpu usage (Sapphire -> Mauve)
theme[process_start]=

2023/05/29 (10:00:59) | ===> btop++ v.1.2.13
2023/05/29 (10:00:59) | ERROR: Invalid hex value: 89dceb

# Process box color gradient for threads, mem and cpu usage (Sapphire -> Mauve)
theme[process_start]=

2023/05/29 (10:32:35) | ===> btop++ v.1.2.13
2023/05/29 (10:32:35) | ERROR: Invalid hex value: 89dceb

# Process box color gradient for threads, mem and cpu usage (Sapphire -> Mauve)
theme[process_start]=

2023/05/29 (14:19:12) | ===> btop++ v.1.2.13
2023/05/29 (14:19:12) | ERROR: Invalid hex value: 89dceb

# Process box color gradient for threads, mem and cpu usage (Sapphire -> Mauve)
theme[process_start]=

2023/05/29 (15:15:03) | ===> btop++ v.1.2.13
2023/05/29 (15:15:03) | ERROR: Invalid hex value: 89dceb

# Process box color gradient for threads, mem and cpu usage (Sapphire -> Mauve)
theme[process_start]=

2023/05/29 (19:51:10) | ===> btop++ v.1.2.13
2023/05/29 (19:51:10) | ERROR: Invalid hex value: 89dceb

# Process box color gradient for threads, mem and cpu usage (Sapphire -> Mauve)
theme[process_start]=

2023/05/29 (20:02:48) | ===> btop++ v.1.2.13
2023/05/29 (20:02:48) | ERROR: Invalid hex value: 89dceb

# Process box color gradient for threads, mem and cpu usage (Sapphire -> Mauve)
theme[process_start]=

2023/05/30 (12:08:21) | ===> btop++ v.1.2.13
2023/05/30 (12:08:21) | ERROR: Invalid hex value: 89dceb

# Process box color gradient for threads, mem and cpu usage (Sapphire -> Mauve)
theme[process_start]=

2023/05/30 (12:12:21) | ===> btop++ v.1.2.13
2023/05/30 (12:12:21) | ERROR: Invalid hex value: 89dceb

# Process box color gradient for threads, mem and cpu usage (Sapphire -> Mauve)
theme[process_start]=

2023/05/30 (12:26:38) | ===> btop++ v.1.2.13
2023/05/30 (12:26:38) | ERROR: Invalid hex value: 89dceb

# Process box color gradient for threads, mem and cpu usage (Sapphire -> Mauve)
theme[process_start]=

2023/05/30 (12:27:21) | ===> btop++ v.1.2.13
2023/05/30 (12:27:21) | ERROR: Invalid hex value: 89dceb

# Process box color gradient for threads, mem and cpu usage (Sapphire -> Mauve)
theme[process_start]=

2023/05/30 (16:40:45) | ===> btop++ v.1.2.13
2023/05/30 (16:40:45) | ERROR: Invalid hex value: 89dceb

# Process box color gradient for threads, mem and cpu usage (Sapphire -> Mauve)
theme[process_start]=

2023/05/30 (16:46:57) | ===> btop++ v.1.2.13
2023/05/30 (16:46:57) | ERROR: Invalid hex value: 89dceb

# Process box color gradient for threads, mem and cpu usage (Sapphire -> Mauve)
theme[process_start]=

2023/05/30 (18:36:17) | ===> btop++ v.1.2.13
2023/05/30 (18:36:17) | ERROR: Invalid hex value: 89dceb

# Process box color gradient for threads, mem and cpu usage (Sapphire -> Mauve)
theme[process_start]=

2023/05/31 (11:04:02) | ===> btop++ v.1.2.13
2023/05/31 (11:04:02) | ERROR: Invalid hex value: 89dceb

# Process box color gradient for threads, mem and cpu usage (Sapphire -> Mauve)
theme[process_start]=

2023/06/01 (09:44:47) | ===> btop++ v.1.2.13
2023/06/01 (09:44:47) | ERROR: Invalid hex value: 89dceb

# Process box color gradient for threads, mem and cpu usage (Sapphire -> Mauve)
theme[process_start]=

2023/06/01 (22:05:10) | ===> btop++ v.1.2.13
2023/06/01 (22:05:10) | ERROR: Invalid hex value: 89dceb

# Process box color gradient for threads, mem and cpu usage (Sapphire -> Mauve)
theme[process_start]=

2023/06/02 (19:55:03) | ===> btop++ v.1.2.13
2023/06/02 (19:55:03) | ERROR: Invalid hex value: 89dceb

# Process box color gradient for threads, mem and cpu usage (Sapphire -> Mauve)
theme[process_start]=

2023/06/02 (21:54:13) | ===> btop++ v.1.2.13
2023/06/02 (21:54:13) | ERROR: Invalid hex value: 89dceb

# Process box color gradient for threads, mem and cpu usage (Sapphire -> Mauve)
theme[process_start]=

2023/06/05 (10:14:30) | ===> btop++ v.1.2.13
2023/06/05 (10:14:30) | ERROR: Invalid hex value: 89dceb

# Process box color gradient for threads, mem and cpu usage (Sapphire -> Mauve)
theme[process_start]=
